2015-02-19 22:39:04,240 DEBUG virtualenvwrapper.hook_loader Saving sourcable initialize hooks to /tmp/virtualenvwrapper-initialize-hook-y9InbhShfN
2015-02-19 23:41:22,100 DEBUG virtualenvwrapper.hook_loader Running initialize hooks
2015-02-19 23:41:22,118 DEBUG virtualenvwrapper.hook_loader Saving sourcable initialize hooks to /tmp/virtualenvwrapper-initialize-hook-WsNsBBcdVK
2015-02-19 23:41:22,581 DEBUG virtualenvwrapper.hook_loader Running initialize hooks
2015-02-19 23:41:22,588 DEBUG virtualenvwrapper.hook_loader Saving sourcable initialize hooks to /tmp/virtualenvwrapper-initialize-hook-StSEwyo4PP
2015-02-20 01:02:16,408 DEBUG virtualenvwrapper.hook_loader Running initialize hooks
2015-02-20 01:02:16,427 DEBUG virtualenvwrapper.hook_loader Saving sourcable initialize hooks to /tmp/virtualenvwrapper-initialize-hook-aLYelD2tFy
2015-02-20 01:02:16,880 DEBUG virtualenvwrapper.hook_loader Running initialize hooks
2015-02-20 01:02:16,887 DEBUG virtualenvwrapper.hook_loader Saving sourcable initialize hooks to /tmp/virtualenvwrapper-initialize-hook-smfgZ2cVRb
2015-02-20 10:30:33,565 DEBUG virtualenvwrapper.hook_loader Running initialize hooks
2015-02-20 10:30:33,964 DEBUG virtualenvwrapper.hook_loader Saving sourcable initialize hooks to /tmp/virtualenvwrapper-initialize-hook-tYYuZjag7r
2015-02-20 10:30:34,559 DEBUG virtualenvwrapper.hook_loader Running initialize hooks
2015-02-20 10:30:34,567 DEBUG virtualenvwrapper.hook_loader Saving sourcable initialize hooks to /tmp/virtualenvwrapper-initialize-hook-05b8F9Y1y0
2015-02-20 11:21:48,369 DEBUG virtualenvwrapper.hook_loader Running initialize hooks
2015-02-20 11:21:48,388 DEBUG virtualenvwrapper.hook_loader Saving sourcable initialize hooks to /tmp/virtualenvwrapper-initialize-hook-YSlHWO4qHM
2015-02-20 11:21:48,791 DEBUG virtualenvwrapper.hook_loader Running initialize hooks
2015-02-20 11:21:48,799 DEBUG virtualenvwrapper.hook_loader Saving sourcable initialize hooks to /tmp/virtualenvwrapper-initialize-hook-VlZO14KoS4
2015-02-20 14:12:16,316 DEBUG virtualenvwrapper.hook_loader Running initialize hooks
2015-02-20 14:12:16,413 DEBUG virtualenvwrapper.hook_loader Saving sourcable initialize hooks to /tmp/virtualenvwrapper-initialize-hook-EtRD24vCSK
2015-02-20 14:12:16,844 DEBUG virtualenvwrapper.hook_loader Running initialize hooks
2015-02-20 14:12:16,851 DEBUG virtualenvwrapper.hook_loader Saving sourcable initialize hooks to /tmp/virtualenvwrapper-initialize-hook-MUKOlkGMq7
2015-02-21 09:42:07,663 DEBUG virtualenvwrapper.hook_loader Running initialize hooks
2015-02-21 09:42:07,722 DEBUG virtualenvwrapper.hook_loader Saving sourcable initialize hooks to /tmp/virtualenvwrapper-initialize-hook-sx8lrHVVkQ
2015-02-21 09:42:08,106 DEBUG virtualenvwrapper.hook_loader Running initialize hooks
2015-02-21 09:42:08,113 DEBUG virtualenvwrapper.hook_loader Saving sourcable initialize hooks to /tmp/virtualenvwrapper-initialize-hook-5UrWkBvaiU
2015-02-21 14:27:49,371 DEBUG virtualenvwrapper.hook_loader Running initialize hooks
2015-02-21 14:27:49,612 DEBUG virtualenvwrapper.hook_loader Saving sourcable initialize hooks to /tmp/virtualenvwrapper-initialize-hook-2jLKc2TDms
2015-02-21 14:27:50,242 DEBUG virtualenvwrapper.hook_loader Running initialize hooks
2015-02-21 14:27:50,250 DEBUG virtualenvwrapper.hook_loader Saving sourcable initialize hooks to /tmp/virtualenvwrapper-initialize-hook-aHLHLKYe3J
2015-02-21 14:38:22,381 DEBUG virtualenvwrapper.hook_loader Running initialize hooks
2015-02-21 14:38:22,521 DEBUG virtualenvwrapper.hook_loader Saving sourcable initialize hooks to /tmp/virtualenvwrapper-initialize-hook-A0aQw45Tyf
2015-02-21 14:38:22,912 DEBUG virtualenvwrapper.hook_loader Running initialize hooks
2015-02-21 14:38:22,920 DEBUG virtualenvwrapper.hook_loader Saving sourcable initialize hooks to /tmp/virtualenvwrapper-initialize-hook-w8eQFPLXgp
2015-02-24 19:31:34,402 DEBUG virtualenvwrapper.hook_loader Running initialize hooks
2015-02-24 19:31:34,486 DEBUG virtualenvwrapper.hook_loader Saving sourcable initialize hooks to /tmp/virtualenvwrapper-initialize-hook-XUBP55qoaP
2015-02-24 19:31:34,956 DEBUG virtualenvwrapper.hook_loader Running initialize hooks
2015-02-24 19:31:34,964 DEBUG virtualenvwrapper.hook_loader Saving sourcable initialize hooks to /tmp/virtualenvwrapper-initialize-hook-HbWlzaj0VD
2015-02-24 19:34:08,650 DEBUG virtualenvwrapper.hook_loader Running initialize hooks
2015-02-24 19:34:08,664 DEBUG virtualenvwrapper.hook_loader Saving sourcable initialize hooks to /tmp/virtualenvwrapper-initialize-hook-VdeRDqgfst
2015-02-24 19:34:09,004 DEBUG virtualenvwrapper.hook_loader Running initialize hooks
2015-02-24 19:34:09,011 DEBUG virtualenvwrapper.hook_loader Saving sourcable initialize hooks to /tmp/virtualenvwrapper-initialize-hook-ldH7mEgEbR
